Started GET "/" for ::1 at 2021-05-28 11:38:56 +1000
Processing by PagesController#home as HTML
  Rendering pages/home.html.erb within layouts/application
  Rendered pages/home.html.erb within layouts/application (0.8ms)
Completed 200 OK in 440ms (Views: 436.6ms | ActiveRecord: 0.0ms)


Started GET "/" for ::1 at 2021-05-28 11:39:08 +1000
Processing by PagesController#home as HTML
  Rendering pages/home.html.erb within layouts/application
  Rendered pages/home.html.erb within layouts/application (1.6ms)
Completed 200 OK in 26ms (Views: 20.5ms | ActiveRecord: 0.0ms)


Started GET "/hamldemo" for ::1 at 2021-05-28 11:39:11 +1000
Processing by PagesController#hamldemo as HTML
  Rendering pages/hamldemo.html.erb within layouts/application
  Rendered pages/hamldemo.html.erb within layouts/application (0.3ms)
Completed 200 OK in 13ms (Views: 12.2ms | ActiveRecord: 0.0ms)


Started GET "/hamldemo" for ::1 at 2021-05-28 11:40:23 +1000
Processing by PagesController#hamldemo as HTML
  Rendering pages/hamldemo.haml within layouts/application
  Rendered pages/hamldemo.haml within layouts/application (5.8ms)
Completed 200 OK in 20ms (Views: 18.4ms | ActiveRecord: 0.0ms)


Started GET "/hamldemo" for ::1 at 2021-05-28 11:44:37 +1000
Processing by PagesController#hamldemo as HTML
  Rendering pages/hamldemo.haml within layouts/application
  Rendered pages/hamldemo.haml within layouts/application (1.9ms)
Completed 200 OK in 42ms (Views: 34.8ms | ActiveRecord: 0.0ms)


Started GET "/hamldemo" for ::1 at 2021-05-28 11:44:49 +1000
Processing by PagesController#hamldemo as HTML
  Rendering pages/hamldemo.haml within layouts/application
  Rendered pages/hamldemo.haml within layouts/application (7.1ms)
Completed 200 OK in 19ms (Views: 18.2ms | ActiveRecord: 0.0ms)


Started GET "/hamldemo" for ::1 at 2021-05-28 11:45:01 +1000
Processing by PagesController#hamldemo as HTML
  Rendering pages/hamldemo.haml within layouts/application
  Rendered pages/hamldemo.haml within layouts/application (5.3ms)
Completed 200 OK in 24ms (Views: 17.2ms | ActiveRecord: 0.0ms)


Started GET "/hamldemo" for ::1 at 2021-05-28 11:46:01 +1000
Processing by PagesController#hamldemo as HTML
  Rendering pages/hamldemo.haml within layouts/application
  Rendered pages/hamldemo.haml within layouts/application (3.4ms)
Completed 200 OK in 15ms (Views: 13.5ms | ActiveRecord: 0.0ms)


Started GET "/hamldemo" for ::1 at 2021-05-28 11:46:07 +1000
Processing by PagesController#hamldemo as HTML
  Rendering pages/hamldemo.haml within layouts/application
  Rendered pages/hamldemo.haml within layouts/application (4.1ms)
Completed 200 OK in 19ms (Views: 17.4ms | ActiveRecord: 0.0ms)


Started GET "/hamldemo" for ::1 at 2021-05-28 11:46:09 +1000
Processing by PagesController#hamldemo as HTML
  Rendering pages/hamldemo.haml within layouts/application
  Rendered pages/hamldemo.haml within layouts/application (1.9ms)
Completed 200 OK in 12ms (Views: 11.2ms | ActiveRecord: 0.0ms)


Started GET "/hamldemo" for ::1 at 2021-05-28 11:47:30 +1000
Processing by PagesController#hamldemo as HTML
  Rendering pages/hamldemo.haml within layouts/application
  Rendered pages/hamldemo.haml within layouts/application (4.0ms)
Completed 200 OK in 20ms (Views: 18.8ms | ActiveRecord: 0.0ms)


Started GET "/hamldemo" for ::1 at 2021-05-28 11:47:36 +1000
Processing by PagesController#hamldemo as HTML
  Rendering pages/hamldemo.haml within layouts/application
  Rendered pages/hamldemo.haml within layouts/application (3.2ms)
Completed 200 OK in 13ms (Views: 12.2ms | ActiveRecord: 0.0ms)


Started GET "/" for ::1 at 2021-05-28 11:48:14 +1000
Processing by PagesController#home as HTML
  Rendering pages/home.html.erb within layouts/application
  Rendered pages/home.html.erb within layouts/application (0.3ms)
Completed 200 OK in 16ms (Views: 13.2ms | ActiveRecord: 0.0ms)


Started GET "/hamldemo" for ::1 at 2021-05-28 11:48:17 +1000
Processing by PagesController#hamldemo as HTML
  Rendering pages/hamldemo.haml within layouts/application
  Rendered pages/hamldemo.haml within layouts/application (2.7ms)
Completed 200 OK in 17ms (Views: 15.5ms | ActiveRecord: 0.0ms)


Started GET "/hamldemo" for ::1 at 2021-05-28 11:49:13 +1000
Processing by PagesController#hamldemo as HTML
  Rendering pages/hamldemo.haml within layouts/application
  Rendered pages/hamldemo.haml within layouts/application (1.3ms)
Completed 200 OK in 9ms (Views: 8.5ms | ActiveRecord: 0.0ms)


Started GET "/hamldemo" for ::1 at 2021-05-28 11:49:15 +1000
Processing by PagesController#hamldemo as HTML
  Rendering pages/hamldemo.haml within layouts/application
  Rendered pages/hamldemo.haml within layouts/application (3.8ms)
Completed 200 OK in 24ms (Views: 22.5ms | ActiveRecord: 0.0ms)


Started GET "/hamldemo" for ::1 at 2021-05-28 11:49:16 +1000
Processing by PagesController#hamldemo as HTML
  Rendering pages/hamldemo.haml within layouts/application
  Rendered pages/hamldemo.haml within layouts/application (3.3ms)
Completed 200 OK in 37ms (Views: 34.9ms | ActiveRecord: 0.0ms)


Started GET "/hamldemo" for ::1 at 2021-05-28 11:49:17 +1000
Processing by PagesController#hamldemo as HTML
  Rendering pages/hamldemo.haml within layouts/application
  Rendered pages/hamldemo.haml within layouts/application (3.5ms)
Completed 200 OK in 16ms (Views: 14.9ms | ActiveRecord: 0.0ms)


Started GET "/hamldemo" for ::1 at 2021-05-28 11:50:20 +1000
Processing by PagesController#hamldemo as HTML
  Rendering pages/hamldemo.haml within layouts/application
  Rendered pages/hamldemo.haml within layouts/application (19.5ms)
Completed 500 Internal Server Error in 25ms (ActiveRecord: 0.0ms)


  
ActionView::Template::Error (no implicit conversion of Integer into String):
    5: / this is a comment
    6: %h2.food= 'hotdogs' * 11
    7: 
    8: %h3= 'Your lucky number is' + @lucky
  
app/views/pages/hamldemo.haml:8:in `+'
app/views/pages/hamldemo.haml:8:in `_app_views_pages_hamldemo_haml__179731429578695271_13980'
Started GET "/hamldemo" for ::1 at 2021-05-28 11:50:28 +1000
Processing by PagesController#hamldemo as HTML
  Rendering pages/hamldemo.haml within layouts/application
  Rendered pages/hamldemo.haml within layouts/application (3.8ms)
Completed 500 Internal Server Error in 8ms (ActiveRecord: 0.0ms)


  
ActionView::Template::Error (no implicit conversion of Integer into String):
    5: / this is a comment
    6: %h2.food= 'hotdogs' * 11
    7: 
    8: %h3= "Your lucky number is" + @lucky
  
app/views/pages/hamldemo.haml:8:in `+'
app/views/pages/hamldemo.haml:8:in `_app_views_pages_hamldemo_haml__179731429578695271_14500'
Started GET "/hamldemo" for ::1 at 2021-05-28 11:50:41 +1000
Processing by PagesController#hamldemo as HTML
  Rendering pages/hamldemo.haml within layouts/application
  Rendered pages/hamldemo.haml within layouts/application (2.2ms)
Completed 200 OK in 18ms (Views: 16.0ms | ActiveRecord: 0.0ms)


Started GET "/hamldemo" for ::1 at 2021-05-28 11:52:15 +1000
Processing by PagesController#hamldemo as HTML
  Rendering pages/hamldemo.haml within layouts/application
  Rendered pages/hamldemo.haml within layouts/application (4.5ms)
Completed 200 OK in 28ms (Views: 26.1ms | ActiveRecord: 0.0ms)


Started GET "/hamldemo" for ::1 at 2021-05-28 11:52:21 +1000
Processing by PagesController#hamldemo as HTML
  Rendering pages/hamldemo.haml within layouts/application
  Rendered pages/hamldemo.haml within layouts/application (1.7ms)
Completed 200 OK in 10ms (Views: 8.8ms | ActiveRecord: 0.0ms)


Started GET "/hamldemo" for ::1 at 2021-05-28 11:52:37 +1000
Processing by PagesController#hamldemo as HTML
  Rendering pages/hamldemo.haml within layouts/application
  Rendered pages/hamldemo.haml within layouts/application (2.6ms)
Completed 200 OK in 19ms (Views: 17.9ms | ActiveRecord: 0.0ms)


Started GET "/hamldemo" for ::1 at 2021-05-28 11:52:39 +1000
Processing by PagesController#hamldemo as HTML
  Rendering pages/hamldemo.haml within layouts/application
  Rendered pages/hamldemo.haml within layouts/application (3.4ms)
Completed 200 OK in 15ms (Views: 12.8ms | ActiveRecord: 0.0ms)


Started GET "/hamldemo" for ::1 at 2021-05-28 11:55:24 +1000
Processing by PagesController#hamldemo as HTML
  Rendering pages/hamldemo.haml within layouts/application
  Rendered pages/hamldemo.haml within layouts/application (2.8ms)
Completed 200 OK in 18ms (Views: 16.6ms | ActiveRecord: 0.0ms)


Started GET "/hamldemo" for ::1 at 2021-05-28 11:56:36 +1000
Processing by PagesController#hamldemo as HTML
  Rendering pages/hamldemo.haml within layouts/application
  Rendered pages/hamldemo.haml within layouts/application (2.0ms)
Completed 200 OK in 17ms (Views: 14.2ms | ActiveRecord: 0.0ms)


Started GET "/" for ::1 at 2021-05-28 12:04:45 +1000
Processing by PagesController#home as HTML
  Rendering pages/home.haml within layouts/application
  Rendered pages/home.haml within layouts/application (4.0ms)
Completed 500 Internal Server Error in 8ms (ActiveRecord: 0.0ms)


  
ActionView::Template::Error (wrong number of arguments (given 0, expected 1..3)):
    1: %h1 Paintr
    2: 
    3: = text_field_tag
  
app/views/pages/home.haml:3:in `_app_views_pages_home_haml___1070151506833486985_15600'
Started GET "/" for ::1 at 2021-05-28 12:04:55 +1000
Processing by PagesController#home as HTML
  Rendering pages/home.haml within layouts/application
  Rendered pages/home.haml within layouts/application (3.2ms)
Completed 500 Internal Server Error in 6ms (ActiveRecord: 0.0ms)


  
ActionView::Template::Error (wrong number of arguments (given 0, expected 1..3)):
    1: %h1 Paintr
    2: 
    3: = text_field_tag
  
app/views/pages/home.haml:3:in `_app_views_pages_home_haml___1070151506833486985_16120'
Started GET "/" for ::1 at 2021-05-28 12:06:00 +1000
Processing by PagesController#home as HTML
  Rendering pages/home.haml within layouts/application
  Rendered pages/home.haml within layouts/application (5.7ms)
Completed 200 OK in 27ms (Views: 26.1ms | ActiveRecord: 0.0ms)


Started GET "/" for ::1 at 2021-05-28 12:06:49 +1000
Processing by PagesController#home as HTML
  Rendering pages/home.haml within layouts/application
  Rendered pages/home.haml within layouts/application (6.5ms)
Completed 200 OK in 16ms (Views: 14.2ms | ActiveRecord: 0.0ms)


Started GET "/" for ::1 at 2021-05-28 12:06:50 +1000
Processing by PagesController#home as HTML
  Rendering pages/home.haml within layouts/application
  Rendered pages/home.haml within layouts/application (5.1ms)
Completed 200 OK in 17ms (Views: 15.3ms | ActiveRecord: 0.0ms)


Started GET "/" for ::1 at 2021-05-28 12:09:15 +1000
Processing by PagesController#home as HTML
  Rendering pages/home.haml within layouts/application
  Rendered pages/home.haml within layouts/application (9.7ms)
Completed 200 OK in 45ms (Views: 41.3ms | ActiveRecord: 0.0ms)


Started GET "/" for ::1 at 2021-05-28 12:11:13 +1000
Processing by PagesController#home as HTML
  Rendering pages/home.haml within layouts/application
  Rendered pages/home.haml within layouts/application (10.8ms)
Completed 200 OK in 59ms (Views: 57.1ms | ActiveRecord: 0.0ms)


Started GET "/" for ::1 at 2021-05-28 12:12:25 +1000
Processing by PagesController#home as HTML
  Rendering pages/home.haml within layouts/application
  Rendered pages/home.haml within layouts/application (11.4ms)
Completed 200 OK in 139ms (Views: 135.8ms | ActiveRecord: 0.0ms)


Started GET "/" for ::1 at 2021-05-28 12:15:10 +1000
Processing by PagesController#home as HTML
  Rendering pages/home.haml within layouts/application
  Rendered pages/home.haml within layouts/application (7.4ms)
Completed 200 OK in 55ms (Views: 52.9ms | ActiveRecord: 0.0ms)


Started GET "/" for ::1 at 2021-05-28 12:15:51 +1000
Processing by PagesController#home as HTML
  Rendering pages/home.haml within layouts/application
  Rendered pages/home.haml within layouts/application (5.1ms)
Completed 200 OK in 52ms (Views: 49.7ms | ActiveRecord: 0.0ms)


Started GET "/" for ::1 at 2021-05-28 12:16:46 +1000
Processing by PagesController#home as HTML
  Rendering pages/home.haml within layouts/application
  Rendered pages/home.haml within layouts/application (3.4ms)
Completed 200 OK in 108ms (Views: 105.1ms | ActiveRecord: 0.0ms)


Started GET "/" for ::1 at 2021-05-28 12:17:04 +1000
Processing by PagesController#home as HTML
  Rendering pages/home.haml within layouts/application
  Rendered pages/home.haml within layouts/application (3.1ms)
Completed 200 OK in 47ms (Views: 46.3ms | ActiveRecord: 0.0ms)


Started GET "/" for ::1 at 2021-05-28 12:17:11 +1000
Processing by PagesController#home as HTML
  Rendering pages/home.haml within layouts/application
  Rendered pages/home.haml within layouts/application (3.5ms)
Completed 200 OK in 12ms (Views: 11.5ms | ActiveRecord: 0.0ms)


Started GET "/" for ::1 at 2021-05-28 12:17:40 +1000
Processing by PagesController#home as HTML
  Rendering pages/home.haml within layouts/application
  Rendered pages/home.haml within layouts/application (4.7ms)
Completed 200 OK in 51ms (Views: 50.0ms | ActiveRecord: 0.0ms)


Started GET "/" for ::1 at 2021-05-28 12:17:51 +1000
Processing by PagesController#home as HTML
  Rendering pages/home.haml within layouts/application
  Rendered pages/home.haml within layouts/application (5.9ms)
Completed 200 OK in 71ms (Views: 69.1ms | ActiveRecord: 0.0ms)


Started GET "/" for ::1 at 2021-05-28 12:19:18 +1000
Processing by PagesController#home as HTML
  Rendering pages/home.haml within layouts/application
  Rendered pages/home.haml within layouts/application (3.6ms)
Completed 200 OK in 46ms (Views: 44.1ms | ActiveRecord: 0.0ms)


Started GET "/" for ::1 at 2021-05-28 12:20:40 +1000
Processing by PagesController#home as HTML
  Rendering pages/home.haml within layouts/application
  Rendered pages/home.haml within layouts/application (5.1ms)
Completed 200 OK in 44ms (Views: 42.3ms | ActiveRecord: 0.0ms)


Started GET "/" for ::1 at 2021-05-28 12:22:04 +1000
Processing by PagesController#home as HTML
  Rendering pages/home.haml within layouts/application
  Rendered pages/home.haml within layouts/application (5.8ms)
Completed 200 OK in 38ms (Views: 36.3ms | ActiveRecord: 0.0ms)


Started GET "/" for ::1 at 2021-05-28 12:22:42 +1000
Processing by PagesController#home as HTML
  Rendering pages/home.haml within layouts/application
  Rendered pages/home.haml within layouts/application (6.2ms)
Completed 200 OK in 34ms (Views: 32.7ms | ActiveRecord: 0.0ms)


Started GET "/" for ::1 at 2021-05-28 12:24:46 +1000
Processing by PagesController#home as HTML
  Rendering pages/home.haml within layouts/application
  Rendered pages/home.haml within layouts/application (8.3ms)
Completed 200 OK in 80ms (Views: 77.9ms | ActiveRecord: 0.0ms)


Started GET "/" for ::1 at 2021-05-28 12:25:32 +1000
Processing by PagesController#home as HTML
  Rendering pages/home.haml within layouts/application
  Rendered pages/home.haml within layouts/application (4.3ms)
Completed 200 OK in 50ms (Views: 47.8ms | ActiveRecord: 0.0ms)


Started GET "/" for ::1 at 2021-05-28 12:25:55 +1000
Processing by PagesController#home as HTML
  Rendering pages/home.haml within layouts/application
  Rendered pages/home.haml within layouts/application (5.7ms)
Completed 200 OK in 20ms (Views: 18.0ms | ActiveRecord: 0.0ms)


Started GET "/" for ::1 at 2021-05-28 12:26:03 +1000
Processing by PagesController#home as HTML
  Rendering pages/home.haml within layouts/application
  Rendered pages/home.haml within layouts/application (2.4ms)
Completed 200 OK in 42ms (Views: 40.7ms | ActiveRecord: 0.0ms)


Started GET "/" for ::1 at 2021-05-28 12:28:32 +1000
Processing by PagesController#home as HTML
  Rendering pages/home.haml within layouts/application
  Rendered pages/home.haml within layouts/application (3.5ms)
Completed 200 OK in 78ms (Views: 76.7ms | ActiveRecord: 0.0ms)


Started GET "/" for ::1 at 2021-05-28 12:28:51 +1000
Processing by PagesController#home as HTML
  Rendering pages/home.haml within layouts/application
  Rendered pages/home.haml within layouts/application (8.9ms)
Completed 200 OK in 89ms (Views: 85.7ms | ActiveRecord: 0.0ms)


Started GET "/" for ::1 at 2021-05-28 12:34:06 +1000
Processing by PagesController#home as HTML
  Rendering pages/home.haml within layouts/application
  Rendered pages/home.haml within layouts/application (22.6ms)
Completed 200 OK in 94ms (Views: 91.3ms | ActiveRecord: 0.0ms)


Started GET "/" for ::1 at 2021-05-28 12:36:12 +1000
Processing by PagesController#home as HTML
  Rendering pages/home.haml within layouts/application
  Rendered pages/home.haml within layouts/application (8.7ms)
Completed 200 OK in 100ms (Views: 97.2ms | ActiveRecord: 0.0ms)


Started GET "/" for ::1 at 2021-05-28 12:37:14 +1000
Processing by PagesController#home as HTML
  Rendering pages/home.haml within layouts/application
  Rendered pages/home.haml within layouts/application (5.5ms)
Completed 200 OK in 51ms (Views: 49.5ms | ActiveRecord: 0.0ms)


Started GET "/" for ::1 at 2021-05-28 12:37:45 +1000
Processing by PagesController#home as HTML
  Rendering pages/home.haml within layouts/application
  Rendered pages/home.haml within layouts/application (3.6ms)
Completed 200 OK in 53ms (Views: 44.4ms | ActiveRecord: 0.0ms)


Started GET "/" for ::1 at 2021-05-28 12:41:04 +1000
Processing by PagesController#home as HTML
  Rendering pages/home.haml within layouts/application
  Rendered pages/home.haml within layouts/application (15.9ms)
Completed 200 OK in 32ms (Views: 30.4ms | ActiveRecord: 0.0ms)


Started GET "/" for ::1 at 2021-05-28 12:41:15 +1000
Processing by PagesController#home as HTML
  Rendering pages/home.haml within layouts/application
  Rendered pages/home.haml within layouts/application (7.5ms)
Completed 500 Internal Server Error in 12ms (ActiveRecord: 0.0ms)


  
SyntaxError (/Users/mai-boo/Projects/seir41-classwork/14-advanced/paintr/app/views/pages/home.haml:4: syntax error, unexpected constant, expecting ')'
....html_escape((( button_tag 'Add', :id => 'add-color'
...                            ^~~
/Users/mai-boo/Projects/seir41-classwork/14-advanced/paintr/app/views/pages/home.haml:4: syntax error, unexpected local variable or method, expecting ')'
...( button_tag 'Add', :id => 'add-color'
...                            ^~~
/Users/mai-boo/Projects/seir41-classwork/14-advanced/paintr/app/views/pages/home.haml:4: syntax error, unexpected string literal, expecting `do' or '{' or '('
...n_tag 'Add', :id => 'add-color'
...                              ^
/Users/mai-boo/Projects/seir41-classwork/14-advanced/paintr/app/views/pages/home.haml:5: syntax error, unexpected local variable or method, expecting ')'
...ffer << ("\n<div class='palette'></div>\n<div class='cancas'...
...                        ^~~~~~~
/Users/mai-boo/Projects/seir41-classwork/14-advanced/paintr/app/views/pages/home.haml:5: syntax error, unexpected local variable or method, expecting ')'
...tte'></div>\n<div class='cancas'>\n".freeze);; 
...                         ^~~~~~
/Users/mai-boo/Projects/seir41-classwork/14-advanced/paintr/app/views/pages/home.haml:10: syntax error, unexpected local variable or method, expecting ')'
...t.buffer << ("<div class='pixel'></div>\n".freeze);; end;; _...
...                          ^~~~~
/Users/mai-boo/Projects/seir41-classwork/14-advanced/paintr/app/views/pages/home.haml:13: unterminated string meets end of file
          end
             ^
/Users/mai-boo/Projects/seir41-classwork/14-advanced/paintr/app/views/pages/home.haml:13: syntax error, unexpected end-of-input, expecting ')'):
  
app/views/pages/home.haml:4: syntax error, unexpected constant, expecting ')'
app/views/pages/home.haml:4: syntax error, unexpected local variable or method, expecting ')'
app/views/pages/home.haml:4: syntax error, unexpected string literal, expecting `do' or '{' or '('
app/views/pages/home.haml:5: syntax error, unexpected local variable or method, expecting ')'
app/views/pages/home.haml:5: syntax error, unexpected local variable or method, expecting ')'
app/views/pages/home.haml:10: syntax error, unexpected local variable or method, expecting ')'
app/views/pages/home.haml:13: unterminated string meets end of file
app/views/pages/home.haml:13: syntax error, unexpected end-of-input, expecting ')'
Started GET "/" for ::1 at 2021-05-28 12:41:21 +1000
Processing by PagesController#home as HTML
  Rendering pages/home.haml within layouts/application
  Rendered pages/home.haml within layouts/application (4.6ms)
Completed 200 OK in 23ms (Views: 21.5ms | ActiveRecord: 0.0ms)


Started GET "/" for ::1 at 2021-05-28 12:41:23 +1000
Processing by PagesController#home as HTML
  Rendering pages/home.haml within layouts/application
  Rendered pages/home.haml within layouts/application (6.4ms)
Completed 200 OK in 18ms (Views: 17.4ms | ActiveRecord: 0.0ms)


Started GET "/" for ::1 at 2021-05-28 12:41:28 +1000
Processing by PagesController#home as HTML
  Rendering pages/home.haml within layouts/application
  Rendered pages/home.haml within layouts/application (4.4ms)
Completed 200 OK in 12ms (Views: 10.8ms | ActiveRecord: 0.0ms)


Started GET "/" for ::1 at 2021-05-28 12:45:56 +1000
Processing by PagesController#home as HTML
  Rendering pages/home.haml within layouts/application
  Rendered pages/home.haml within layouts/application (18.4ms)
Completed 200 OK in 195ms (Views: 188.1ms | ActiveRecord: 0.0ms)


Started GET "/" for ::1 at 2021-05-28 12:46:29 +1000
Processing by PagesController#home as HTML
  Rendering pages/home.haml within layouts/application
  Rendered pages/home.haml within layouts/application (4.6ms)
Completed 200 OK in 48ms (Views: 46.8ms | ActiveRecord: 0.0ms)


Started GET "/" for ::1 at 2021-05-28 12:46:51 +1000
Processing by PagesController#home as HTML
  Rendering pages/home.haml within layouts/application
  Rendered pages/home.haml within layouts/application (5.0ms)
Completed 200 OK in 52ms (Views: 50.8ms | ActiveRecord: 0.0ms)


Started GET "/" for ::1 at 2021-05-28 12:51:56 +1000
Processing by PagesController#home as HTML
  Rendering pages/home.haml within layouts/application
  Rendered pages/home.haml within layouts/application (6.0ms)
Completed 200 OK in 57ms (Views: 55.8ms | ActiveRecord: 0.0ms)


Started GET "/" for ::1 at 2021-05-28 12:52:57 +1000
Processing by PagesController#home as HTML
  Rendering pages/home.haml within layouts/application
  Rendered pages/home.haml within layouts/application (4.6ms)
Completed 200 OK in 26ms (Views: 24.5ms | ActiveRecord: 0.0ms)


Started GET "/" for ::1 at 2021-05-28 12:53:13 +1000
Processing by PagesController#home as HTML
  Rendering pages/home.haml within layouts/application
  Rendered pages/home.haml within layouts/application (8.4ms)
Completed 200 OK in 22ms (Views: 19.9ms | ActiveRecord: 0.0ms)


Started GET "/" for ::1 at 2021-05-28 12:53:18 +1000
Processing by PagesController#home as HTML
  Rendering pages/home.haml within layouts/application
  Rendered pages/home.haml within layouts/application (4.5ms)
Completed 200 OK in 16ms (Views: 14.8ms | ActiveRecord: 0.0ms)


Started GET "/" for ::1 at 2021-05-28 12:54:20 +1000
Processing by PagesController#home as HTML
  Rendering pages/home.haml within layouts/application
  Rendered pages/home.haml within layouts/application (4.9ms)
Completed 200 OK in 52ms (Views: 51.1ms | ActiveRecord: 0.0ms)


Started GET "/" for ::1 at 2021-05-28 13:00:24 +1000
Processing by PagesController#home as HTML
  Rendering pages/home.haml within layouts/application
  Rendered pages/home.haml within layouts/application (19.2ms)
Completed 200 OK in 60ms (Views: 58.4ms | ActiveRecord: 0.0ms)


Started GET "/" for ::1 at 2021-05-28 13:00:48 +1000
Processing by PagesController#home as HTML
  Rendering pages/home.haml within layouts/application
  Rendered pages/home.haml within layouts/application (3.8ms)
Completed 200 OK in 29ms (Views: 27.8ms | ActiveRecord: 0.0ms)


Started GET "/" for ::1 at 2021-05-28 13:01:37 +1000
Processing by PagesController#home as HTML
  Rendering pages/home.haml within layouts/application
  Rendered pages/home.haml within layouts/application (4.0ms)
Completed 200 OK in 20ms (Views: 16.4ms | ActiveRecord: 0.0ms)


