Started GET "/" for ::1 at 2021-01-19 11:36:44 +1100
Processing by Rails::WelcomeController#index as HTML
  Rendering /Users/mai-boo/.rvm/gems/ruby-2.7.2/gems/railties-5.2.4.4/lib/rails/templates/rails/welcome/index.html.erb
  Rendered /Users/mai-boo/.rvm/gems/ruby-2.7.2/gems/railties-5.2.4.4/lib/rails/templates/rails/welcome/index.html.erb (2.3ms)
Completed 200 OK in 12ms (Views: 6.8ms | ActiveRecord: 0.0ms)


Started GET "/" for ::1 at 2021-01-19 11:39:11 +1100
Processing by PagesController#home as HTML
  Rendering pages/home.html.erb within layouts/application
  Rendered pages/home.html.erb within layouts/application (0.2ms)
Completed 200 OK in 213ms (Views: 213.1ms | ActiveRecord: 0.0ms)


Started GET "/" for ::1 at 2021-01-19 11:47:14 +1100
Processing by PagesController#home as HTML
  Rendering pages/home.html.erb within layouts/application
  Rendered pages/home.html.erb within layouts/application (0.4ms)
Completed 200 OK in 15ms (Views: 13.0ms | ActiveRecord: 0.0ms)


Started GET "/numbers" for ::1 at 2021-01-19 11:47:18 +1100
Processing by PagesController#numbers as HTML
  Rendering pages/numbers.html.erb within layouts/application
  Rendered pages/numbers.html.erb within layouts/application (0.7ms)
Completed 200 OK in 18ms (Views: 15.6ms | ActiveRecord: 0.0ms)


Started GET "/numbers" for ::1 at 2021-01-19 11:48:31 +1100
Processing by PagesController#numbers as HTML
  Rendering pages/numbers.html.erb within layouts/application
  Rendered pages/numbers.html.erb within layouts/application (0.4ms)
Completed 200 OK in 19ms (Views: 17.1ms | ActiveRecord: 0.0ms)


Started GET "/numbers" for ::1 at 2021-01-19 11:49:07 +1100
Processing by PagesController#numbers as HTML
  Rendering pages/numbers.html.erb within layouts/application
  Rendered pages/numbers.html.erb within layouts/application (32.2ms)
Completed 200 OK in 43ms (Views: 41.6ms | ActiveRecord: 0.0ms)


Started GET "/numbers" for ::1 at 2021-01-19 11:49:09 +1100
Processing by PagesController#numbers as HTML
  Rendering pages/numbers.html.erb within layouts/application
  Rendered pages/numbers.html.erb within layouts/application (1.2ms)
Completed 200 OK in 20ms (Views: 18.2ms | ActiveRecord: 0.0ms)


Started GET "/numbers" for ::1 at 2021-01-19 11:49:09 +1100
Processing by PagesController#numbers as HTML
  Rendering pages/numbers.html.erb within layouts/application
  Rendered pages/numbers.html.erb within layouts/application (1.4ms)
Completed 200 OK in 21ms (Views: 18.0ms | ActiveRecord: 0.0ms)


Started GET "/numbers" for ::1 at 2021-01-19 11:49:14 +1100
Processing by PagesController#numbers as HTML
  Rendering pages/numbers.html.erb within layouts/application
  Rendered pages/numbers.html.erb within layouts/application (0.4ms)
Completed 200 OK in 8ms (Views: 6.9ms | ActiveRecord: 0.0ms)


Started GET "/numbers" for ::1 at 2021-01-19 11:51:40 +1100
Processing by PagesController#numbers as HTML
  Rendering pages/numbers.html.erb within layouts/application
  Rendered pages/numbers.html.erb within layouts/application (15.3ms)
Completed 200 OK in 29ms (Views: 27.6ms | ActiveRecord: 0.0ms)


Started GET "/numbers" for ::1 at 2021-01-19 11:52:24 +1100
Processing by PagesController#numbers as HTML
  Rendering pages/numbers.html.erb within layouts/application
  Rendered pages/numbers.html.erb within layouts/application (1.6ms)
Completed 200 OK in 21ms (Views: 18.9ms | ActiveRecord: 0.0ms)


Started GET "/numbers" for ::1 at 2021-01-19 11:52:25 +1100
Processing by PagesController#numbers as HTML
  Rendering pages/numbers.html.erb within layouts/application
  Rendered pages/numbers.html.erb within layouts/application (1.5ms)
Completed 200 OK in 19ms (Views: 17.2ms | ActiveRecord: 0.0ms)


Started GET "/numbers" for ::1 at 2021-01-19 11:52:26 +1100
Processing by PagesController#numbers as HTML
  Rendering pages/numbers.html.erb within layouts/application
  Rendered pages/numbers.html.erb within layouts/application (1.5ms)
Completed 200 OK in 20ms (Views: 16.8ms | ActiveRecord: 0.0ms)


Started GET "/numbers" for ::1 at 2021-01-19 11:52:26 +1100
Processing by PagesController#numbers as HTML
  Rendering pages/numbers.html.erb within layouts/application
  Rendered pages/numbers.html.erb within layouts/application (1.5ms)
Completed 200 OK in 22ms (Views: 18.4ms | ActiveRecord: 0.0ms)


Started GET "/numbers" for ::1 at 2021-01-19 11:53:20 +1100
Processing by PagesController#numbers as HTML
  Rendering pages/numbers.html.erb within layouts/application
  Rendered pages/numbers.html.erb within layouts/application (2.1ms)
Completed 200 OK in 21ms (Views: 19.2ms | ActiveRecord: 0.0ms)


Started GET "/numbers" for ::1 at 2021-01-19 11:53:56 +1100
Processing by PagesController#numbers as HTML
  Rendering pages/numbers.html.erb within layouts/application
  Rendered pages/numbers.html.erb within layouts/application (13.8ms)
Completed 200 OK in 28ms (Views: 25.5ms | ActiveRecord: 0.0ms)


Started GET "/numbers" for ::1 at 2021-01-19 11:54:20 +1100
  
SyntaxError (/Users/mai-boo/Projects/seir41-classwork/08-rails/view-helpers/app/controllers/pages_controller.rb:8: Invalid octal digit
    @phone = 0426941392
             ^~~~~
):
  
app/controllers/pages_controller.rb:8: Invalid octal digit
Started GET "/numbers" for ::1 at 2021-01-19 11:54:30 +1100
Processing by PagesController#numbers as HTML
  Rendering pages/numbers.html.erb within layouts/application
  Rendered pages/numbers.html.erb within layouts/application (1.0ms)
Completed 200 OK in 13ms (Views: 11.9ms | ActiveRecord: 0.0ms)


Started GET "/numbers" for ::1 at 2021-01-19 11:55:58 +1100
Processing by PagesController#numbers as HTML
  Rendering pages/numbers.html.erb within layouts/application
  Rendered pages/numbers.html.erb within layouts/application (0.9ms)
Completed 500 Internal Server Error in 10ms (ActiveRecord: 0.0ms)


  
SyntaxError (/Users/mai-boo/Projects/seir41-classwork/08-rails/view-helpers/app/views/pages/numbers.html.erb:12: syntax error, unexpected ':', expecting ')'
...er_to_phone @phone, :area_code: true );@output_buffer.safe_a...
...                              ^
):
  
app/views/pages/numbers.html.erb:12: syntax error, unexpected ':', expecting ')'
Started GET "/numbers" for ::1 at 2021-01-19 11:56:09 +1100
Processing by PagesController#numbers as HTML
  Rendering pages/numbers.html.erb within layouts/application
  Rendered pages/numbers.html.erb within layouts/application (1.5ms)
Completed 500 Internal Server Error in 7ms (ActiveRecord: 0.0ms)


  
SyntaxError (/Users/mai-boo/Projects/seir41-classwork/08-rails/view-helpers/app/views/pages/numbers.html.erb:12: syntax error, unexpected '=', expecting ')'
...r_to_phone @phone, :area_code = true );@output_buffer.safe_a...
...                              ^
):
  
app/views/pages/numbers.html.erb:12: syntax error, unexpected '=', expecting ')'
Started GET "/numbers" for ::1 at 2021-01-19 11:56:10 +1100
Processing by PagesController#numbers as HTML
  Rendering pages/numbers.html.erb within layouts/application
  Rendered pages/numbers.html.erb within layouts/application (1.4ms)
Completed 500 Internal Server Error in 6ms (ActiveRecord: 0.0ms)


  
SyntaxError (/Users/mai-boo/Projects/seir41-classwork/08-rails/view-helpers/app/views/pages/numbers.html.erb:12: syntax error, unexpected '=', expecting ')'
...r_to_phone @phone, :area_code = true );@output_buffer.safe_a...
...                              ^
):
  
app/views/pages/numbers.html.erb:12: syntax error, unexpected '=', expecting ')'
Started GET "/numbers" for ::1 at 2021-01-19 11:58:05 +1100
Processing by PagesController#numbers as HTML
  Rendering pages/numbers.html.erb within layouts/application
  Rendered pages/numbers.html.erb within layouts/application (0.6ms)
Completed 500 Internal Server Error in 6ms (ActiveRecord: 0.0ms)


  
SyntaxError (/Users/mai-boo/Projects/seir41-classwork/08-rails/view-helpers/app/views/pages/numbers.html.erb:12: syntax error, unexpected `true', expecting ')'
...o_phone @phone, :area_code true );@output_buffer.safe_append...
...                           ^~~~
):
  
app/views/pages/numbers.html.erb:12: syntax error, unexpected `true', expecting ')'
Started GET "/numbers" for ::1 at 2021-01-19 12:00:17 +1100
Processing by PagesController#numbers as HTML
  Rendering pages/numbers.html.erb within layouts/application
  Rendered pages/numbers.html.erb within layouts/application (1.9ms)
Completed 200 OK in 24ms (Views: 21.6ms | ActiveRecord: 0.0ms)


Started GET "/text" for ::1 at 2021-01-19 12:00:27 +1100
Processing by PagesController#text as HTML
  Rendering pages/text.html.erb within layouts/application
  Rendered pages/text.html.erb within layouts/application (106.6ms)
Completed 500 Internal Server Error in 111ms (ActiveRecord: 0.0ms)


  
ActionView::Template::Error (undefined local variable or method `story' for #<#<Class:0x00007fde50eb2888>:0x00007fde37a93f68>
Did you mean?  @story):
     8: <p>You have <%= @friend_count %> friends.</p>
     9: <p>You have <%= @enemy_count %> enemies.</p>
    10: 
    11: <p><%= story %></p>
  
app/views/pages/text.html.erb:11:in `_app_views_pages_text_html_erb__986336669720092625_22080'
Started GET "/text" for ::1 at 2021-01-19 12:00:29 +1100
Processing by PagesController#text as HTML
  Rendering pages/text.html.erb within layouts/application
  Rendered pages/text.html.erb within layouts/application (84.1ms)
Completed 500 Internal Server Error in 87ms (ActiveRecord: 0.0ms)


  
ActionView::Template::Error (undefined local variable or method `story' for #<#<Class:0x00007fde50eb2888>:0x00007fddd58954a8>
Did you mean?  @story):
     8: <p>You have <%= @friend_count %> friends.</p>
     9: <p>You have <%= @enemy_count %> enemies.</p>
    10: 
    11: <p><%= story %></p>
  
app/views/pages/text.html.erb:11:in `_app_views_pages_text_html_erb__986336669720092625_22700'
Started GET "/text" for ::1 at 2021-01-19 12:00:36 +1100
Processing by PagesController#text as HTML
  Rendering pages/text.html.erb within layouts/application
  Rendered pages/text.html.erb within layouts/application (0.9ms)
Completed 200 OK in 24ms (Views: 20.9ms | ActiveRecord: 0.0ms)


Started GET "/text" for ::1 at 2021-01-19 12:02:05 +1100
Processing by PagesController#text as HTML
  Rendering pages/text.html.erb within layouts/application
  Rendered pages/text.html.erb within layouts/application (0.6ms)
Completed 200 OK in 12ms (Views: 11.0ms | ActiveRecord: 0.0ms)


Started GET "/text" for ::1 at 2021-01-19 12:02:55 +1100
Processing by PagesController#text as HTML
  Rendering pages/text.html.erb within layouts/application
  Rendered pages/text.html.erb within layouts/application (1.0ms)
Completed 200 OK in 21ms (Views: 19.4ms | ActiveRecord: 0.0ms)


Started GET "/text" for ::1 at 2021-01-19 12:03:14 +1100
Processing by PagesController#text as HTML
  Rendering pages/text.html.erb within layouts/application
  Rendered pages/text.html.erb within layouts/application (0.9ms)
Completed 200 OK in 21ms (Views: 18.6ms | ActiveRecord: 0.0ms)


Started GET "/text" for ::1 at 2021-01-19 12:03:37 +1100
Processing by PagesController#text as HTML
  Rendering pages/text.html.erb within layouts/application
  Rendered pages/text.html.erb within layouts/application (1.3ms)
Completed 200 OK in 15ms (Views: 13.4ms | ActiveRecord: 0.0ms)


Started GET "/text" for ::1 at 2021-01-19 12:14:19 +1100
Processing by PagesController#text as HTML
  Rendering pages/text.html.erb within layouts/application
  Rendered pages/text.html.erb within layouts/application (1.4ms)
Completed 200 OK in 39ms (Views: 35.6ms | ActiveRecord: 0.0ms)


Started GET "/url" for ::1 at 2021-01-19 12:21:36 +1100
Processing by PagesController#url as HTML
  Rendering pages/url.html.erb within layouts/application
  Rendered pages/url.html.erb within layouts/application (0.2ms)
Completed 200 OK in 10ms (Views: 9.1ms | ActiveRecord: 0.0ms)


Started GET "/url" for ::1 at 2021-01-19 12:22:41 +1100
Processing by PagesController#url as HTML
  Rendering pages/url.html.erb within layouts/application
  Rendered pages/url.html.erb within layouts/application (0.8ms)
Completed 200 OK in 18ms (Views: 15.7ms | ActiveRecord: 0.0ms)


Started GET "/goldfish" for ::1 at 2021-01-19 12:24:00 +1100
  
ActionController::RoutingError (No route matches [GET] "/goldfish"):
  
actionpack (5.2.4.4) lib/action_dispatch/middleware/debug_exceptions.rb:65:in `call'
web-console (3.7.0) lib/web_console/middleware.rb:135:in `call_app'
web-console (3.7.0) lib/web_console/middleware.rb:30:in `block in call'
web-console (3.7.0) lib/web_console/middleware.rb:20:in `catch'
web-console (3.7.0) lib/web_console/middleware.rb:20:in `call'
actionpack (5.2.4.4) lib/action_dispatch/middleware/show_exceptions.rb:33:in `call'
railties (5.2.4.4) lib/rails/rack/logger.rb:38:in `call_app'
railties (5.2.4.4) lib/rails/rack/logger.rb:26:in `block in call'
activesupport (5.2.4.4) lib/active_support/tagged_logging.rb:71:in `block in tagged'
activesupport (5.2.4.4) lib/active_support/tagged_logging.rb:28:in `tagged'
activesupport (5.2.4.4) lib/active_support/tagged_logging.rb:71:in `tagged'
railties (5.2.4.4) lib/rails/rack/logger.rb:26:in `call'
sprockets-rails (3.2.2) lib/sprockets/rails/quiet_assets.rb:13:in `call'
actionpack (5.2.4.4) lib/action_dispatch/middleware/remote_ip.rb:81:in `call'
actionpack (5.2.4.4) lib/action_dispatch/middleware/request_id.rb:27:in `call'
rack (2.2.3) lib/rack/method_override.rb:24:in `call'
rack (2.2.3) lib/rack/runtime.rb:22:in `call'
activesupport (5.2.4.4) lib/active_support/cache/strategy/local_cache_middleware.rb:29:in `call'
actionpack (5.2.4.4) lib/action_dispatch/middleware/executor.rb:14:in `call'
actionpack (5.2.4.4) lib/action_dispatch/middleware/static.rb:127:in `call'
rack (2.2.3) lib/rack/sendfile.rb:110:in `call'
railties (5.2.4.4) lib/rails/engine.rb:524:in `call'
puma (3.12.6) lib/puma/configuration.rb:227:in `call'
puma (3.12.6) lib/puma/server.rb:706:in `handle_request'
puma (3.12.6) lib/puma/server.rb:476:in `process_client'
puma (3.12.6) lib/puma/server.rb:334:in `block in run'
puma (3.12.6) lib/puma/thread_pool.rb:135:in `block in spawn_thread'
Started GET "/rails/info" for ::1 at 2021-01-19 12:24:17 +1100
Processing by Rails::InfoController#index as HTML
Redirected to http://localhost:3000/rails/info/routes
Completed 302 Found in 1ms (ActiveRecord: 0.0ms)


Started GET "/rails/info/routes" for ::1 at 2021-01-19 12:24:17 +1100
Processing by Rails::InfoController#routes as HTML
  Rendering /Users/mai-boo/.rvm/gems/ruby-2.7.2/gems/railties-5.2.4.4/lib/rails/templates/rails/info/routes.html.erb within layouts/application
  Rendered collection of /Users/mai-boo/.rvm/gems/ruby-2.7.2/gems/actionpack-5.2.4.4/lib/action_dispatch/middleware/templates/routes/_route.html.erb [5 times] (1.4ms)
  Rendered /Users/mai-boo/.rvm/gems/ruby-2.7.2/gems/actionpack-5.2.4.4/lib/action_dispatch/middleware/templates/routes/_table.html.erb (0.9ms)
  Rendered /Users/mai-boo/.rvm/gems/ruby-2.7.2/gems/railties-5.2.4.4/lib/rails/templates/rails/info/routes.html.erb within layouts/application (4.1ms)
Completed 200 OK in 8ms (Views: 6.3ms | ActiveRecord: 0.0ms)


Started GET "/rails/info/routes" for ::1 at 2021-01-19 12:24:57 +1100
Processing by Rails::InfoController#routes as HTML
  Rendering /Users/mai-boo/.rvm/gems/ruby-2.7.2/gems/railties-5.2.4.4/lib/rails/templates/rails/info/routes.html.erb within layouts/application
  Rendered collection of /Users/mai-boo/.rvm/gems/ruby-2.7.2/gems/actionpack-5.2.4.4/lib/action_dispatch/middleware/templates/routes/_route.html.erb [5 times] (2.4ms)
  Rendered /Users/mai-boo/.rvm/gems/ruby-2.7.2/gems/actionpack-5.2.4.4/lib/action_dispatch/middleware/templates/routes/_table.html.erb (1.7ms)
  Rendered /Users/mai-boo/.rvm/gems/ruby-2.7.2/gems/railties-5.2.4.4/lib/rails/templates/rails/info/routes.html.erb within layouts/application (7.5ms)
Completed 200 OK in 15ms (Views: 11.1ms | ActiveRecord: 0.0ms)


Started GET "/rails/info/routes" for ::1 at 2021-01-19 12:24:57 +1100
Processing by Rails::InfoController#routes as HTML
  Rendering /Users/mai-boo/.rvm/gems/ruby-2.7.2/gems/railties-5.2.4.4/lib/rails/templates/rails/info/routes.html.erb within layouts/application
  Rendered collection of /Users/mai-boo/.rvm/gems/ruby-2.7.2/gems/actionpack-5.2.4.4/lib/action_dispatch/middleware/templates/routes/_route.html.erb [5 times] (2.5ms)
  Rendered /Users/mai-boo/.rvm/gems/ruby-2.7.2/gems/actionpack-5.2.4.4/lib/action_dispatch/middleware/templates/routes/_table.html.erb (1.8ms)
  Rendered /Users/mai-boo/.rvm/gems/ruby-2.7.2/gems/railties-5.2.4.4/lib/rails/templates/rails/info/routes.html.erb within layouts/application (8.1ms)
Completed 200 OK in 15ms (Views: 12.2ms | ActiveRecord: 0.0ms)


Started GET "/rails/info/routes" for ::1 at 2021-01-19 12:24:58 +1100
Processing by Rails::InfoController#routes as HTML
  Rendering /Users/mai-boo/.rvm/gems/ruby-2.7.2/gems/railties-5.2.4.4/lib/rails/templates/rails/info/routes.html.erb within layouts/application
  Rendered collection of /Users/mai-boo/.rvm/gems/ruby-2.7.2/gems/actionpack-5.2.4.4/lib/action_dispatch/middleware/templates/routes/_route.html.erb [5 times] (2.9ms)
  Rendered /Users/mai-boo/.rvm/gems/ruby-2.7.2/gems/actionpack-5.2.4.4/lib/action_dispatch/middleware/templates/routes/_table.html.erb (2.3ms)
  Rendered /Users/mai-boo/.rvm/gems/ruby-2.7.2/gems/railties-5.2.4.4/lib/rails/templates/rails/info/routes.html.erb within layouts/application (8.9ms)
Completed 200 OK in 14ms (Views: 11.9ms | ActiveRecord: 0.0ms)


Started GET "/rails/info/routes" for ::1 at 2021-01-19 12:24:58 +1100
Processing by Rails::InfoController#routes as HTML
  Rendering /Users/mai-boo/.rvm/gems/ruby-2.7.2/gems/railties-5.2.4.4/lib/rails/templates/rails/info/routes.html.erb within layouts/application
  Rendered collection of /Users/mai-boo/.rvm/gems/ruby-2.7.2/gems/actionpack-5.2.4.4/lib/action_dispatch/middleware/templates/routes/_route.html.erb [5 times] (4.2ms)
  Rendered /Users/mai-boo/.rvm/gems/ruby-2.7.2/gems/actionpack-5.2.4.4/lib/action_dispatch/middleware/templates/routes/_table.html.erb (2.0ms)
  Rendered /Users/mai-boo/.rvm/gems/ruby-2.7.2/gems/railties-5.2.4.4/lib/rails/templates/rails/info/routes.html.erb within layouts/application (10.3ms)
Completed 200 OK in 16ms (Views: 13.6ms | ActiveRecord: 0.0ms)


Started GET "/rails/info/routes" for ::1 at 2021-01-19 12:24:58 +1100
Processing by Rails::InfoController#routes as HTML
  Rendering /Users/mai-boo/.rvm/gems/ruby-2.7.2/gems/railties-5.2.4.4/lib/rails/templates/rails/info/routes.html.erb within layouts/application
  Rendered collection of /Users/mai-boo/.rvm/gems/ruby-2.7.2/gems/actionpack-5.2.4.4/lib/action_dispatch/middleware/templates/routes/_route.html.erb [5 times] (2.3ms)
  Rendered /Users/mai-boo/.rvm/gems/ruby-2.7.2/gems/actionpack-5.2.4.4/lib/action_dispatch/middleware/templates/routes/_table.html.erb (1.9ms)
  Rendered /Users/mai-boo/.rvm/gems/ruby-2.7.2/gems/railties-5.2.4.4/lib/rails/templates/rails/info/routes.html.erb within layouts/application (7.5ms)
Completed 200 OK in 14ms (Views: 11.0ms | ActiveRecord: 0.0ms)


Started GET "/" for ::1 at 2021-01-19 12:26:25 +1100
Processing by PagesController#home as HTML
  Rendering pages/home.html.erb within layouts/application
  Rendered pages/home.html.erb within layouts/application (0.6ms)
Completed 200 OK in 16ms (Views: 14.2ms | ActiveRecord: 0.0ms)


Started GET "/url" for ::1 at 2021-01-19 12:30:19 +1100
Processing by PagesController#url as HTML
  Rendering pages/url.html.erb within layouts/application
  Rendered pages/url.html.erb within layouts/application (204.2ms)
Completed 500 Internal Server Error in 207ms (ActiveRecord: 0.0ms)


  
ActionView::Template::Error (undefined local variable or method `number_path' for #<#<Class:0x00007fde26065570>:0x00007fde2605faa8>
Did you mean?  numbers_path):
    3: 
    4: <%= link_to 'Home', root_path %>
    5: 
    6: <%= link_to 'Numbers', number_path %>
    7: <%= link_to 'Text', text_path %>
    8: <%= link_to 'Assets', assets_path %>
    9: <%= link_to 'URL', url_path %>
  
app/views/pages/url.html.erb:6:in `_app_views_pages_url_html_erb__1387391658576394508_27920'
Started GET "/url" for ::1 at 2021-01-19 12:30:34 +1100
Processing by PagesController#url as HTML
  Rendering pages/url.html.erb within layouts/application
  Rendered pages/url.html.erb within layouts/application (0.8ms)
Completed 200 OK in 13ms (Views: 11.4ms | ActiveRecord: 0.0ms)


Started GET "/rails/info/routes" for ::1 at 2021-01-19 12:32:11 +1100
Processing by Rails::InfoController#routes as HTML
  Rendering /Users/mai-boo/.rvm/gems/ruby-2.7.2/gems/railties-5.2.4.4/lib/rails/templates/rails/info/routes.html.erb within layouts/application
  Rendered collection of /Users/mai-boo/.rvm/gems/ruby-2.7.2/gems/actionpack-5.2.4.4/lib/action_dispatch/middleware/templates/routes/_route.html.erb [5 times] (1.6ms)
  Rendered /Users/mai-boo/.rvm/gems/ruby-2.7.2/gems/actionpack-5.2.4.4/lib/action_dispatch/middleware/templates/routes/_table.html.erb (1.0ms)
  Rendered /Users/mai-boo/.rvm/gems/ruby-2.7.2/gems/railties-5.2.4.4/lib/rails/templates/rails/info/routes.html.erb within layouts/application (4.8ms)
Completed 200 OK in 8ms (Views: 6.9ms | ActiveRecord: 0.0ms)


Started GET "/url" for ::1 at 2021-01-19 12:34:20 +1100
Processing by PagesController#url as HTML
  Rendering pages/url.html.erb within layouts/application
  Rendered pages/url.html.erb within layouts/application (0.7ms)
Completed 200 OK in 11ms (Views: 10.1ms | ActiveRecord: 0.0ms)


Started GET "/url" for ::1 at 2021-01-19 12:34:24 +1100
Processing by PagesController#url as HTML
  Rendering pages/url.html.erb within layouts/application
  Rendered pages/url.html.erb within layouts/application (1.2ms)
Completed 200 OK in 17ms (Views: 15.1ms | ActiveRecord: 0.0ms)


Started GET "/kfc-numbers" for ::1 at 2021-01-19 12:34:25 +1100
Processing by PagesController#numbers as HTML
  Rendering pages/numbers.html.erb within layouts/application
  Rendered pages/numbers.html.erb within layouts/application (2.1ms)
Completed 200 OK in 21ms (Views: 19.4ms | ActiveRecord: 0.0ms)


Started GET "/text" for ::1 at 2021-01-19 12:34:31 +1100
Processing by PagesController#text as HTML
  Rendering pages/text.html.erb within layouts/application
  Rendered pages/text.html.erb within layouts/application (1.2ms)
Completed 200 OK in 18ms (Views: 16.5ms | ActiveRecord: 0.0ms)


Started GET "/kfc-numbers" for ::1 at 2021-01-19 12:34:36 +1100
Processing by PagesController#numbers as HTML
  Rendering pages/numbers.html.erb within layouts/application
  Rendered pages/numbers.html.erb within layouts/application (2.4ms)
Completed 200 OK in 22ms (Views: 20.4ms | ActiveRecord: 0.0ms)


